[2017-12-01 18:46:37] Registro Error.ERROR: SQLSTATE[42S02]: Base table or view not found: 1146 Table 'liveticket.contactos' doesn't exist [] []
[2017-12-01 18:48:20] Registro Error.ERROR: SQLSTATE[42S02]: Base table or view not found: 1146 Table 'liveticket.contactos' doesn't exist [] []
[2017-12-01 18:49:05] Registro Error.ERROR: SQLSTATE[42S02]: Base table or view not found: 1146 Table 'liveticket.contactos' doesn't exist [] []
[2017-12-01 18:52:00] Registro Error.ERROR: SQLSTATE[42S02]: Base table or view not found: 1146 Table 'liveticket.contactos' doesn't exist [] []
[2017-12-01 22:34:46] Registro Error.ERROR: SQLSTATE[42S02]: Base table or view not found: 1146 Table 'liveticket.contactos' doesn't exist [] []
[2017-12-01 22:36:01] Registro Error.ERROR: SQLSTATE[42S02]: Base table or view not found: 1146 Table 'liveticket.contactos' doesn't exist [] []
[2017-12-02 01:42:28] Registro Error.ERROR: SQLSTATE[42000]: Syntax error or access violation: 1064 You have an error in your SQL syntax; check the manual that corresponds to your MariaDB server version for the right syntax to use near '.'idPelicula'='alquiladas'.'idPelicula'' at line 1 [] []
[2017-12-02 01:42:38] Registro Error.ERROR: SQLSTATE[42000]: Syntax error or access violation: 1064 You have an error in your SQL syntax; check the manual that corresponds to your MariaDB server version for the right syntax to use near '.'idPelicula'='alquiladas'.'idPelicula'' at line 1 [] []
[2017-12-02 01:42:38] Registro Error.ERROR: SQLSTATE[42000]: Syntax error or access violation: 1064 You have an error in your SQL syntax; check the manual that corresponds to your MariaDB server version for the right syntax to use near '.'idPelicula'='alquiladas'.'idPelicula'' at line 1 [] []
[2017-12-02 01:42:42] Registro Error.ERROR: SQLSTATE[42000]: Syntax error or access violation: 1064 You have an error in your SQL syntax; check the manual that corresponds to your MariaDB server version for the right syntax to use near '.'idPelicula'='alquiladas'.'idPelicula'' at line 1 [] []
[2017-12-02 01:47:13] Registro Error.ERROR: SQLSTATE[42000]: Syntax error or access violation: 1064 You have an error in your SQL syntax; check the manual that corresponds to your MariaDB server version for the right syntax to use near '.'idPelicula'='alquiladas'.'idPelicula'' at line 1 [] []
[2017-12-02 01:52:09] Registro Error.ERROR: SQLSTATE[42000]: Syntax error or access violation: 1064 You have an error in your SQL syntax; check the manual that corresponds to your MariaDB server version for the right syntax to use near '.'idPelicula'='alquiladas'.'idPelicula'' at line 1 [] []
[2017-12-02 01:53:41] Registro Error.ERROR: SQLSTATE[42S22]: Column not found: 1054 Unknown column 'peliculas' in 'field list' [] []
[2017-12-02 01:53:59] Registro Error.ERROR: SQLSTATE[42S22]: Column not found: 1054 Unknown column 'peliculas' in 'field list' [] []
[2017-12-02 01:56:10] Registro Error.ERROR: SQLSTATE[42S22]: Column not found: 1054 Unknown column 'peliculas' in 'field list' [] []
[2017-12-02 02:08:07] Registro Error.ERROR: SQLSTATE[42000]: Syntax error or access violation: 1064 You have an error in your SQL syntax; check the manual that corresponds to your MariaDB server version for the right syntax to use near 'alquiladas.idPelicula' at line 1 [] []
[2017-12-02 02:08:49] Registro Error.ERROR: SQLSTATE[42000]: Syntax error or access violation: 1064 You have an error in your SQL syntax; check the manual that corresponds to your MariaDB server version for the right syntax to use near 'alquiladas.idPelicula' at line 1 [] []
[2017-12-02 02:08:51] Registro Error.ERROR: SQLSTATE[42000]: Syntax error or access violation: 1064 You have an error in your SQL syntax; check the manual that corresponds to your MariaDB server version for the right syntax to use near 'alquiladas.idPelicula' at line 1 [] []
[2017-12-02 02:11:30] Registro Error.ERROR: SQLSTATE[HY093]: Invalid parameter number: no parameters were bound [] []
[2017-12-02 02:18:31] Registro Error.ERROR: SQLSTATE[HY093]: Invalid parameter number: no parameters were bound [] []
[2017-12-02 02:20:23] Registro Error.ERROR: SQLSTATE[HY093]: Invalid parameter number: no parameters were bound [] []
[2017-12-02 02:20:32] Registro Error.ERROR: SQLSTATE[HY093]: Invalid parameter number: no parameters were bound [] []
[2017-12-02 02:29:06] Registro Error.ERROR: SQLSTATE[HY093]: Invalid parameter number: no parameters were bound [] []
[2017-12-02 04:17:21] Registro Error.ERROR: SQLSTATE[42S22]: Column not found: 1054 Unknown column 'alquiladas.idPelicula' in 'field list' [] []
[2017-12-02 04:17:53] Registro Error.ERROR: SQLSTATE[42S22]: Column not found: 1054 Unknown column 'alquiladas.idPelicula' in 'field list' [] []
[2017-12-02 04:17:56] Registro Error.ERROR: SQLSTATE[42S22]: Column not found: 1054 Unknown column 'alquiladas.idPelicula' in 'field list' [] []
[2017-12-02 04:18:08] Registro Error.ERROR: SQLSTATE[42S22]: Column not found: 1054 Unknown column 'alquiladas.idPelicula' in 'field list' [] []
[2017-12-02 04:35:19] Registro Error.ERROR: SQLSTATE[42S22]: Column not found: 1054 Unknown column 'alquiladas.idPelicula' in 'field list' [] []
[2017-12-02 04:35:30] Registro Error.ERROR: SQLSTATE[42S22]: Column not found: 1054 Unknown column 'alquiladas.idPelicula' in 'field list' [] []
[2017-12-02 04:51:06] Registro Error.ERROR: SQLSTATE[42S22]: Column not found: 1054 Unknown column 'alquiladas.idPelicula' in 'field list' [] []
[2017-12-02 05:04:00] Registro Error.ERROR: SQLSTATE[42S22]: Column not found: 1054 Unknown column 'alquiladas.idPelicula' in 'field list' [] []
[2017-12-02 14:14:26] Registro Error.ERROR: SQLSTATE[42S02]: Base table or view not found: 1146 Table 'liveticket.clientes' doesn't exist [] []
[2017-12-02 14:15:07] Registro Error.ERROR: SQLSTATE[42S02]: Base table or view not found: 1146 Table 'liveticket.clientes' doesn't exist [] []
[2017-12-02 14:23:08] Registro Error.ERROR: SQLSTATE[42S02]: Base table or view not found: 1146 Table 'liveticket.clientes' doesn't exist [] []
[2017-12-02 14:24:37] Registro Error.ERROR: SQLSTATE[42S02]: Base table or view not found: 1146 Table 'liveticket.clientes' doesn't exist [] []
[2017-12-02 14:25:55] Registro Error.ERROR: SQLSTATE[42S02]: Base table or view not found: 1146 Table 'liveticket.clientes' doesn't exist [] []
[2017-12-02 14:26:03] Registro Error.ERROR: SQLSTATE[42S02]: Base table or view not found: 1146 Table 'liveticket.clientes' doesn't exist [] []
[2017-12-02 18:47:10] Registro Error.ERROR: SQLSTATE[23000]: Integrity constraint violation: 1452 Cannot add or update a child row: a foreign key constraint fails (`liveticket`.`alquiladas`, CONSTRAINT `FK_EMPLEADO` FOREIGN KEY (`idEmpleado`) REFERENCES `usuarios` (`id`) ON DELETE CASCADE ON UPDATE CASCADE) [] []
[2017-12-02 20:57:17] Registro Error.ERROR: El controlador liveticket\app\controllers\PeliculasController no responde al action edit [] []
[2017-12-08 19:58:44] Registro Error.ERROR: El controlador liveticket\app\controllers\EventosController no responde al action eventosPortada [] []
[2017-12-08 20:02:19] Registro Error.ERROR: El controlador liveticket\app\controllers\EventosController no responde al action eventosPortada [] []
[2017-12-08 20:02:20] Registro Error.ERROR: El controlador liveticket\app\controllers\EventosController no responde al action eventosPortada [] []
[2017-12-08 20:02:20] Registro Error.ERROR: El controlador liveticket\app\controllers\EventosController no responde al action eventosPortada [] []
[2017-12-08 20:02:20] Registro Error.ERROR: El controlador liveticket\app\controllers\EventosController no responde al action eventosPortada [] []
[2017-12-08 20:02:20] Registro Error.ERROR: El controlador liveticket\app\controllers\EventosController no responde al action eventosPortada [] []
[2017-12-08 20:03:29] Registro Error.ERROR: SQLSTATE[42S02]: Base table or view not found: 1146 Table 'liveticket.eventos' doesn't exist [] []
[2017-12-08 20:03:30] Registro Error.ERROR: SQLSTATE[42S02]: Base table or view not found: 1146 Table 'liveticket.eventos' doesn't exist [] []
[2017-12-08 20:03:31] Registro Error.ERROR: SQLSTATE[42S02]: Base table or view not found: 1146 Table 'liveticket.eventos' doesn't exist [] []
[2017-12-22 17:53:00] Registro Error.ERROR: SQLSTATE[HY093]: Invalid parameter number: number of bound variables does not match number of tokens [] []
[2017-12-22 17:53:16] Registro Error.ERROR: SQLSTATE[HY093]: Invalid parameter number: number of bound variables does not match number of tokens [] []
[2017-12-22 17:54:06] Registro Error.ERROR: SQLSTATE[HY093]: Invalid parameter number: number of bound variables does not match number of tokens [] []
[2017-12-22 17:57:28] Registro Error.ERROR: SQLSTATE[HY093]: Invalid parameter number: parameter was not defined [] []
[2017-12-22 17:57:36] Registro Error.ERROR: SQLSTATE[HY093]: Invalid parameter number: parameter was not defined [] []
[2017-12-22 17:59:22] Registro Error.ERROR: SQLSTATE[HY093]: Invalid parameter number: parameter was not defined [] []
[2017-12-22 18:02:22] Registro Error.ERROR: SQLSTATE[HY093]: Invalid parameter number: parameter was not defined [] []
[2017-12-22 18:31:07] Registro Error.ERROR: SQLSTATE[42000]: Syntax error or access violation: 1064 You have an error in your SQL syntax; check the manual that corresponds to your MariaDB server version for the right syntax to use near '18:30:40) AND (FVFinal > 2017-12-22 18:30:40)' at line 1 [] []
[2017-12-22 18:31:16] Registro Error.ERROR: SQLSTATE[42000]: Syntax error or access violation: 1064 You have an error in your SQL syntax; check the manual that corresponds to your MariaDB server version for the right syntax to use near '18:31:16) AND (FVFinal > 2017-12-22 18:31:16)' at line 1 [] []
[2017-12-22 18:31:19] Registro Error.ERROR: SQLSTATE[42000]: Syntax error or access violation: 1064 You have an error in your SQL syntax; check the manual that corresponds to your MariaDB server version for the right syntax to use near '18:31:19) AND (FVFinal > 2017-12-22 18:31:19)' at line 1 [] []
[2017-12-22 18:31:24] Registro Error.ERROR: SQLSTATE[42000]: Syntax error or access violation: 1064 You have an error in your SQL syntax; check the manual that corresponds to your MariaDB server version for the right syntax to use near '18:31:24) AND (FVFinal > 2017-12-22 18:31:24)' at line 1 [] []
[2017-12-22 18:31:38] Registro Error.ERROR: SQLSTATE[42000]: Syntax error or access violation: 1064 You have an error in your SQL syntax; check the manual that corresponds to your MariaDB server version for the right syntax to use near '18:31:31) AND (FVFinal > 2017-12-22 18:31:31)' at line 1 [] []
[2017-12-22 18:32:48] Registro Error.ERROR: SQLSTATE[42000]: Syntax error or access violation: 1064 You have an error in your SQL syntax; check the manual that corresponds to your MariaDB server version for the right syntax to use near '18:31:41) AND (FVFinal > 2017-12-22 18:31:41)' at line 1 [] []
[2017-12-22 18:33:43] Registro Error.ERROR: SQLSTATE[42000]: Syntax error or access violation: 1064 You have an error in your SQL syntax; check the manual that corresponds to your MariaDB server version for the right syntax to use near '18:32:52) AND (FVFinal > 2017-12-22 18:32:52)' at line 1 [] []
[2017-12-23 20:47:13] Registro Error.ERROR: Error: El peso del archivo supera los limites asignados: 10000 [] []
[2017-12-23 20:47:43] Registro Error.ERROR: Error: El peso del archivo supera los limites asignados: 10000 [] []
[2017-12-23 20:47:49] Registro Error.ERROR: Error: El peso del archivo supera los limites asignados: 10000 [] []
[2017-12-23 20:47:56] Registro Error.ERROR: Error: El peso del archivo supera los limites asignados: 10000 [] []
[2017-12-23 20:48:26] Registro Error.ERROR: Error: El peso del archivo supera los limites asignados: 10000 [] []
[2017-12-23 20:50:57] Registro Error.ERROR: Error: El peso del archivo supera los limites asignados: 10000 [] []
[2017-12-23 22:31:29] Registro Error.ERROR: Error: No se puede mover el fichero a su destino [] []
[2017-12-23 22:51:49] Registro Error.ERROR: No se ha encontrado la clave usuario en el contenedor [] []
[2017-12-23 22:52:11] Registro Error.ERROR: No se ha encontrado la clave usuario en el contenedor [] []
[2017-12-24 01:52:18] Registro Error.ERROR: El controlador liveticket\app\controllers\UsuariosController no responde al action perfilusuario [] []
[2017-12-24 16:41:48] Registro Error.ERROR: SQLSTATE[42S22]: Column not found: 1054 Unknown column 'fecha' in 'where clause' [] []
[2017-12-24 18:40:24] Registro Error.ERROR: No se ha podido subir el fichero [] []
[2017-12-24 18:42:03] Registro Error.ERROR: No se ha podido subir el fichero [] []
[2017-12-24 18:43:13] Registro Error.ERROR: No se ha podido subir el fichero [] []
[2017-12-24 23:51:42] Registro Error.ERROR: El controlador liveticket\app\controllers\EventosController no responde al action detalleEvento [] []
[2017-12-24 23:52:19] Registro Error.ERROR: El controlador liveticket\app\controllers\EventosController no responde al action detalleEvento [] []
[2017-12-24 23:52:39] Registro Error.ERROR: El controlador liveticket\app\controllers\EventosController no responde al action detalleEvento [] []
[2017-12-24 23:52:43] Registro Error.ERROR: El controlador liveticket\app\controllers\EventosController no responde al action detalleEvento [] []
[2017-12-24 23:58:30] Registro Error.ERROR: El controlador liveticket\app\controllers\EventosController no responde al action detalleEvento [] []
[2017-12-24 23:59:08] Registro Error.ERROR: El controlador liveticket\app\controllers\EventosController no responde al action detalleEvento [] []
[2017-12-25 03:06:32] Registro Error.ERROR: SQLSTATE[42S22]: Column not found: 1054 Unknown column 'EExterno' in 'field list' [] []
[2017-12-25 03:06:59] Registro Error.ERROR: SQLSTATE[42S22]: Column not found: 1054 Unknown column 'EExterno' in 'field list' [] []
[2017-12-25 03:09:18] Registro Error.ERROR: SQLSTATE[23000]: Integrity constraint violation: 1048 Column 'EExterno' cannot be null [] []
[2017-12-25 03:10:12] Registro Error.ERROR: SQLSTATE[23000]: Integrity constraint violation: 1048 Column 'EExterno' cannot be null [] []
[2017-12-25 03:11:30] Registro Error.ERROR: SQLSTATE[23000]: Integrity constraint violation: 1048 Column 'EExterno' cannot be null [] []
[2017-12-25 03:11:36] Registro Error.ERROR: SQLSTATE[23000]: Integrity constraint violation: 1048 Column 'EExterno' cannot be null [] []
[2017-12-25 03:12:49] Registro Error.ERROR: SQLSTATE[23000]: Integrity constraint violation: 1048 Column 'EExterno' cannot be null [] []
[2017-12-25 14:22:18] Registro Error.ERROR: SQLSTATE[42S22]: Column not found: 1054 Unknown column 'ENombre' in 'field list' [] []
[2017-12-25 14:57:18] Registro Error.ERROR: SQLSTATE[42S22]: Column not found: 1054 Unknown column 'EPrecio' in 'field list' [] []
[2017-12-25 15:14:53] Registro Error.ERROR: SQLSTATE[42S22]: Column not found: 1054 Unknown column 'EPrecio' in 'field list' [] []
[2017-12-25 15:16:14] Registro Error.ERROR: SQLSTATE[42S22]: Column not found: 1054 Unknown column 'EPrecio' in 'field list' [] []
[2017-12-25 15:18:57] Registro Error.ERROR: SQLSTATE[42S22]: Column not found: 1054 Unknown column 'EPrecio' in 'field list' [] []
[2017-12-25 16:39:54] Registro Error.ERROR: El controlador liveticket\app\controllers\EventosController no responde al action detalleEvento [] []
[2017-12-25 17:03:32] Registro Error.ERROR: El controlador liveticket\app\controllers\EventosController no responde al action detalleEvento [] []
[2017-12-25 17:04:02] Registro Error.ERROR: El controlador liveticket\app\controllers\EventosController no responde al action detalleEvento [] []
[2017-12-25 18:04:07] Registro Error.ERROR: El controlador liveticket\app\controllers\EventosController no responde al action detalleEvento [] []
[2017-12-25 18:11:45] Registro Error.ERROR: El controlador liveticket\app\controllers\EventosController no responde al action detalleEvento [] []
[2017-12-25 20:50:53] Registro Error.ERROR: El controlador liveticket\app\controllers\EventosController no responde al action detalleEvento [] []
[2017-12-28 16:29:19] Registro Error.ERROR: El controlador liveticket\app\controllers\MensajesController no responde al action enviarMensaje [] []
